Build started 11/13/2017 9:12:30 PM.
     1>Project "C:\Users\josef\Documents\Visual Studio 2010\Projects\gg\ex5\ex5\ex5.vcxproj" on node 2 (build target(s)).
     1>InitializeBuildStatus:
         Creating "Debug\ex5.unsuccessfulbuild" because "AlwaysCreate" was specified.
       ClCompile:
         c:\Program Files (x86)\Microsoft Visual Studio 10.0\VC\bin\CL.exe /c /ZI /nologo /W3 /WX- /Od /Oy- /D _MBCS /Gm /EHsc /RTC1 /MDd /GS /fp:precise /Zc:wchar_t /Zc:forScope /Fo"Debug\\" /Fd"Debug\vc100.pdb" /Gd /TP /analyze- /errorReport:prompt Rational.cpp main.cpp
         Rational.cpp
         Generating Code...
     1>c:\users\josef\documents\visual studio 2010\projects\gg\ex5\ex5\rational.cpp(180): warning C4715: 'gcd' : not all control paths return a value
         Compiling...
         main.cpp
         Generating Code...
       Link:
         c:\Program Files (x86)\Microsoft Visual Studio 10.0\VC\bin\link.exe /ERRORREPORT:PROMPT /OUT:"C:\Users\josef\Documents\Visual Studio 2010\Projects\gg\ex5\Debug\ex5.exe" /NOLOGO kernel32.lib user32.lib gdi32.lib winspool.lib comdlg32.lib advapi32.lib shell32.lib ole32.lib oleaut32.lib uuid.lib odbc32.lib odbccp32.lib /MANIFEST /ManifestFile:"Debug\ex5.exe.intermediate.manifest" /MANIFESTUAC:"level='asInvoker' uiAccess='false'" /DEBUG /PDB:"C:\Users\josef\Documents\Visual Studio 2010\Projects\gg\ex5\Debug\ex5.pdb" /TLBID:1 /DYNAMICBASE /NXCOMPAT /IMPLIB:"C:\Users\josef\Documents\Visual Studio 2010\Projects\gg\ex5\Debug\ex5.lib" /MACHINE:X86 Debug\main.obj
         Debug\Rational.obj
         LINK : C:\Users\josef\Documents\Visual Studio 2010\Projects\gg\ex5\Debug\ex5.exe not found or not built by the last incremental link; performing full link
         ex5.vcxproj -> C:\Users\josef\Documents\Visual Studio 2010\Projects\gg\ex5\Debug\ex5.exe
       Manifest:
         c:\Program Files (x86)\Microsoft SDKs\Windows\v7.0A\bin\mt.exe /nologo /verbose /outputresource:"C:\Users\josef\Documents\Visual Studio 2010\Projects\gg\ex5\Debug\ex5.exe;#1" /manifest Debug\ex5.exe.intermediate.manifest
       FinalizeBuildStatus:
         Deleting file "Debug\ex5.unsuccessfulbuild".
         Touching "Debug\ex5.lastbuildstate".
     1>Done Building Project "C:\Users\josef\Documents\Visual Studio 2010\Projects\gg\ex5\ex5\ex5.vcxproj" (build target(s)).

Build succeeded.

Time Elapsed 00:00:01.31
